{"level":"info","message":"Super admin created with ID: 6749989235e7e5541d03b434","timestamp":"2024-11-29T10:33:54.979Z"}
{"level":"info","message":"Server running on port 3000","timestamp":"2024-11-29T11:29:18.786Z"}
{"level":"info","message":"MongoDB connected successfully","timestamp":"2024-11-29T11:29:18.793Z"}
{"level":"info","message":"Redis Client Connected","timestamp":"2024-11-29T11:29:18.804Z"}
{"level":"info","message":"Redis connected successfully","timestamp":"2024-11-29T11:29:18.810Z"}
{"level":"info","message":"Server running on port 3000","timestamp":"2024-11-29T11:36:55.814Z"}
{"level":"info","message":"MongoDB connected successfully","timestamp":"2024-11-29T11:36:55.825Z"}
{"level":"info","message":"Redis Client Connected","timestamp":"2024-11-29T11:36:55.835Z"}
{"level":"info","message":"Redis connected successfully","timestamp":"2024-11-29T11:36:55.840Z"}
{"level":"info","message":"Server running on port 3000","timestamp":"2024-11-29T11:44:07.445Z"}
{"level":"info","message":"MongoDB connected successfully","timestamp":"2024-11-29T11:44:07.457Z"}
{"level":"info","message":"Redis Client Connected","timestamp":"2024-11-29T11:44:07.468Z"}
{"level":"info","message":"Redis connected successfully","timestamp":"2024-11-29T11:44:07.477Z"}
{"level":"info","message":"Server running on port 3000","timestamp":"2024-11-29T11:46:20.344Z"}
{"level":"info","message":"MongoDB connected successfully","timestamp":"2024-11-29T11:46:20.353Z"}
{"level":"info","message":"Redis Client Connected","timestamp":"2024-11-29T11:46:20.364Z"}
{"level":"info","message":"Redis connected successfully","timestamp":"2024-11-29T11:46:20.371Z"}
{"level":"info","message":"Server running on port 3000","timestamp":"2024-11-29T11:48:55.989Z"}
{"level":"info","message":"MongoDB connected successfully","timestamp":"2024-11-29T11:48:55.998Z"}
{"level":"info","message":"Redis Client Connected","timestamp":"2024-11-29T11:48:56.012Z"}
{"level":"info","message":"Redis connected successfully","timestamp":"2024-11-29T11:48:56.020Z"}
{"level":"info","message":"Server running on port 3000","timestamp":"2024-11-29T11:49:07.258Z"}
{"level":"info","message":"MongoDB connected successfully","timestamp":"2024-11-29T11:49:07.270Z"}
{"level":"info","message":"Redis Client Connected","timestamp":"2024-11-29T11:49:07.283Z"}
{"level":"info","message":"Redis connected successfully","timestamp":"2024-11-29T11:49:07.288Z"}
{"level":"info","message":"Server running on port 3000","timestamp":"2024-11-29T11:52:34.288Z"}
{"level":"info","message":"MongoDB connected successfully","timestamp":"2024-11-29T11:52:34.297Z"}
{"level":"info","message":"Redis Client Connected","timestamp":"2024-11-29T11:52:34.307Z"}
{"level":"info","message":"Redis connected successfully","timestamp":"2024-11-29T11:52:34.316Z"}
{"level":"info","message":"Server running on port 3000","timestamp":"2024-11-29T11:52:39.041Z"}
{"level":"info","message":"MongoDB connected successfully","timestamp":"2024-11-29T11:52:39.048Z"}
{"level":"info","message":"Redis Client Connected","timestamp":"2024-11-29T11:52:39.057Z"}
{"level":"info","message":"Redis connected successfully","timestamp":"2024-11-29T11:52:39.061Z"}
{"level":"info","message":"Server running on port 3000","timestamp":"2024-11-29T11:52:45.192Z"}
{"level":"info","message":"MongoDB connected successfully","timestamp":"2024-11-29T11:52:45.201Z"}
{"level":"info","message":"Redis Client Connected","timestamp":"2024-11-29T11:52:45.213Z"}
{"level":"info","message":"Redis connected successfully","timestamp":"2024-11-29T11:52:45.221Z"}
{"level":"info","message":"Server running on port 3000","timestamp":"2024-11-29T11:53:46.644Z"}
{"level":"info","message":"MongoDB connected successfully","timestamp":"2024-11-29T11:53:46.656Z"}
{"level":"info","message":"Redis Client Connected","timestamp":"2024-11-29T11:53:46.670Z"}
{"level":"info","message":"Redis connected successfully","timestamp":"2024-11-29T11:53:46.678Z"}
{"level":"info","message":"Server running on port 3000","timestamp":"2024-11-29T11:54:08.254Z"}
{"level":"info","message":"MongoDB connected successfully","timestamp":"2024-11-29T11:54:08.265Z"}
{"level":"info","message":"Redis Client Connected","timestamp":"2024-11-29T11:54:08.275Z"}
{"level":"info","message":"Redis connected successfully","timestamp":"2024-11-29T11:54:08.281Z"}
{"level":"info","message":"Server running on port 3000","timestamp":"2024-11-29T11:54:30.364Z"}
{"level":"info","message":"MongoDB connected successfully","timestamp":"2024-11-29T11:54:30.374Z"}
{"level":"info","message":"Redis Client Connected","timestamp":"2024-11-29T11:54:30.385Z"}
{"level":"info","message":"Redis connected successfully","timestamp":"2024-11-29T11:54:30.391Z"}
{"level":"info","message":"Server running on port 3000","timestamp":"2024-11-29T11:54:55.531Z"}
{"level":"info","message":"MongoDB connected successfully","timestamp":"2024-11-29T11:54:55.540Z"}
{"level":"info","message":"Redis Client Connected","timestamp":"2024-11-29T11:54:55.553Z"}
{"level":"info","message":"Redis connected successfully","timestamp":"2024-11-29T11:54:55.559Z"}
{"level":"info","message":"Server running on port 3000","timestamp":"2024-11-29T11:54:58.401Z"}
{"level":"info","message":"MongoDB connected successfully","timestamp":"2024-11-29T11:54:58.412Z"}
{"level":"info","message":"Redis Client Connected","timestamp":"2024-11-29T11:54:58.425Z"}
{"level":"info","message":"Redis connected successfully","timestamp":"2024-11-29T11:54:58.434Z"}
{"level":"info","message":"Server running on port 3000","timestamp":"2024-11-29T11:55:04.297Z"}
{"level":"info","message":"MongoDB connected successfully","timestamp":"2024-11-29T11:55:04.307Z"}
{"level":"info","message":"Redis Client Connected","timestamp":"2024-11-29T11:55:04.319Z"}
{"level":"info","message":"Redis connected successfully","timestamp":"2024-11-29T11:55:04.327Z"}
{"level":"info","message":"Server running on port 3000","timestamp":"2024-11-29T11:55:07.618Z"}
{"level":"info","message":"MongoDB connected successfully","timestamp":"2024-11-29T11:55:07.627Z"}
{"level":"info","message":"Redis Client Connected","timestamp":"2024-11-29T11:55:07.635Z"}
{"level":"info","message":"Redis connected successfully","timestamp":"2024-11-29T11:55:07.641Z"}
{"level":"info","message":"Server running on port 3000","timestamp":"2024-11-29T11:58:25.143Z"}
{"level":"info","message":"MongoDB connected successfully","timestamp":"2024-11-29T11:58:25.152Z"}
{"level":"info","message":"Redis Client Connected","timestamp":"2024-11-29T11:58:25.166Z"}
{"level":"info","message":"Redis connected successfully","timestamp":"2024-11-29T11:58:25.178Z"}
{"level":"info","message":"Server running on port 3000","timestamp":"2024-11-29T12:02:32.250Z"}
{"level":"info","message":"MongoDB connected successfully","timestamp":"2024-11-29T12:02:32.266Z"}
{"level":"info","message":"Redis Client Connected","timestamp":"2024-11-29T12:02:32.287Z"}
{"level":"info","message":"Redis connected successfully","timestamp":"2024-11-29T12:02:32.300Z"}
{"level":"info","message":"Server running on port 3000","timestamp":"2024-11-29T12:03:14.968Z"}
{"level":"info","message":"MongoDB connected successfully","timestamp":"2024-11-29T12:03:14.979Z"}
{"level":"info","message":"Redis Client Connected","timestamp":"2024-11-29T12:03:14.990Z"}
{"level":"info","message":"Redis connected successfully","timestamp":"2024-11-29T12:03:14.997Z"}
{"level":"info","message":"Server running on port 3000","timestamp":"2024-11-29T12:03:26.870Z"}
{"level":"info","message":"MongoDB connected successfully","timestamp":"2024-11-29T12:03:26.880Z"}
{"level":"info","message":"Redis Client Connected","timestamp":"2024-11-29T12:03:26.892Z"}
{"level":"info","message":"Redis connected successfully","timestamp":"2024-11-29T12:03:26.898Z"}
{"level":"info","message":"Server running on port 3000","timestamp":"2024-11-29T12:04:10.283Z"}
{"level":"info","message":"MongoDB connected successfully","timestamp":"2024-11-29T12:04:10.292Z"}
{"level":"info","message":"Redis Client Connected","timestamp":"2024-11-29T12:04:10.301Z"}
{"level":"info","message":"Redis connected successfully","timestamp":"2024-11-29T12:04:10.308Z"}
{"level":"info","message":"Server running on port 3000","timestamp":"2024-11-29T12:04:16.969Z"}
{"level":"info","message":"MongoDB connected successfully","timestamp":"2024-11-29T12:04:16.977Z"}
{"level":"info","message":"Redis Client Connected","timestamp":"2024-11-29T12:04:16.987Z"}
{"level":"info","message":"Redis connected successfully","timestamp":"2024-11-29T12:04:16.993Z"}
{"level":"info","message":"Server running on port 3000","timestamp":"2024-11-29T12:05:17.302Z"}
{"level":"info","message":"MongoDB connected successfully","timestamp":"2024-11-29T12:05:17.314Z"}
{"level":"info","message":"Redis Client Connected","timestamp":"2024-11-29T12:05:17.327Z"}
{"level":"info","message":"Redis connected successfully","timestamp":"2024-11-29T12:05:17.335Z"}
{"level":"info","message":"Server running on port 3000","timestamp":"2024-11-29T12:05:21.686Z"}
{"level":"info","message":"MongoDB connected successfully","timestamp":"2024-11-29T12:05:21.702Z"}
{"level":"info","message":"Redis Client Connected","timestamp":"2024-11-29T12:05:21.720Z"}
{"level":"info","message":"Redis connected successfully","timestamp":"2024-11-29T12:05:21.731Z"}
{"level":"info","message":"Server running on port 3000","timestamp":"2024-11-29T12:05:24.904Z"}
{"level":"info","message":"MongoDB connected successfully","timestamp":"2024-11-29T12:05:24.927Z"}
{"level":"info","message":"Redis Client Connected","timestamp":"2024-11-29T12:05:24.948Z"}
{"level":"info","message":"Redis connected successfully","timestamp":"2024-11-29T12:05:24.962Z"}
{"level":"info","message":"Server running on port 3000","timestamp":"2024-11-29T12:05:29.007Z"}
{"level":"info","message":"MongoDB connected successfully","timestamp":"2024-11-29T12:05:29.019Z"}
{"level":"info","message":"Redis Client Connected","timestamp":"2024-11-29T12:05:29.030Z"}
{"level":"info","message":"Redis connected successfully","timestamp":"2024-11-29T12:05:29.038Z"}
{"level":"info","message":"Server running on port 3000","timestamp":"2024-11-29T12:12:07.619Z"}
{"level":"info","message":"MongoDB connected successfully","timestamp":"2024-11-29T12:12:07.632Z"}
{"level":"info","message":"Redis Client Connected","timestamp":"2024-11-29T12:12:07.649Z"}
{"level":"info","message":"Redis connected successfully","timestamp":"2024-11-29T12:12:07.655Z"}
{"level":"info","message":"Server running on port 3000","timestamp":"2024-11-29T12:13:53.831Z"}
{"level":"info","message":"MongoDB connected successfully","timestamp":"2024-11-29T12:13:53.841Z"}
{"level":"info","message":"Redis Client Connected","timestamp":"2024-11-29T12:13:53.853Z"}
{"level":"info","message":"Redis connected successfully","timestamp":"2024-11-29T12:13:53.861Z"}
{"level":"info","message":"Server running on port 3000","timestamp":"2024-11-29T12:13:55.907Z"}
{"level":"info","message":"MongoDB connected successfully","timestamp":"2024-11-29T12:13:55.918Z"}
{"level":"info","message":"Redis Client Connected","timestamp":"2024-11-29T12:13:55.930Z"}
{"level":"info","message":"Redis connected successfully","timestamp":"2024-11-29T12:13:55.937Z"}
{"level":"info","message":"Server running on port 3000","timestamp":"2024-11-29T12:13:56.754Z"}
{"level":"info","message":"MongoDB connected successfully","timestamp":"2024-11-29T12:13:56.766Z"}
{"level":"info","message":"Redis Client Connected","timestamp":"2024-11-29T12:13:56.779Z"}
{"level":"info","message":"Redis connected successfully","timestamp":"2024-11-29T12:13:56.787Z"}
{"level":"info","message":"Server running on port 3000","timestamp":"2024-11-29T12:13:58.048Z"}
{"level":"info","message":"MongoDB connected successfully","timestamp":"2024-11-29T12:13:58.059Z"}
{"level":"info","message":"Redis Client Connected","timestamp":"2024-11-29T12:13:58.074Z"}
{"level":"info","message":"Redis connected successfully","timestamp":"2024-11-29T12:13:58.084Z"}
{"level":"info","message":"Server running on port 3000","timestamp":"2024-11-29T12:14:13.363Z"}
{"level":"info","message":"MongoDB connected successfully","timestamp":"2024-11-29T12:14:13.381Z"}
{"level":"info","message":"Redis Client Connected","timestamp":"2024-11-29T12:14:13.408Z"}
{"level":"info","message":"Redis connected successfully","timestamp":"2024-11-29T12:14:13.417Z"}
{"level":"info","message":"Server running on port 3000","timestamp":"2024-11-29T12:14:48.455Z"}
{"level":"info","message":"MongoDB connected successfully","timestamp":"2024-11-29T12:14:48.477Z"}
{"level":"info","message":"Redis Client Connected","timestamp":"2024-11-29T12:14:48.499Z"}
{"level":"info","message":"Redis connected successfully","timestamp":"2024-11-29T12:14:48.513Z"}
{"level":"info","message":"Server running on port 3000","timestamp":"2024-11-29T12:17:02.157Z"}
{"level":"info","message":"MongoDB connected successfully","timestamp":"2024-11-29T12:17:02.168Z"}
{"level":"info","message":"Redis Client Connected","timestamp":"2024-11-29T12:17:02.178Z"}
{"level":"info","message":"Redis connected successfully","timestamp":"2024-11-29T12:17:02.184Z"}
{"level":"info","message":"Server running on port 3000","timestamp":"2024-11-29T12:17:04.939Z"}
{"level":"info","message":"MongoDB connected successfully","timestamp":"2024-11-29T12:17:04.947Z"}
{"level":"info","message":"Redis Client Connected","timestamp":"2024-11-29T12:17:04.956Z"}
{"level":"info","message":"Redis connected successfully","timestamp":"2024-11-29T12:17:04.962Z"}
{"level":"info","message":"Server running on port 3000","timestamp":"2024-11-29T12:17:07.596Z"}
{"level":"info","message":"MongoDB connected successfully","timestamp":"2024-11-29T12:17:07.605Z"}
{"level":"info","message":"Redis Client Connected","timestamp":"2024-11-29T12:17:07.614Z"}
{"level":"info","message":"Redis connected successfully","timestamp":"2024-11-29T12:17:07.621Z"}
{"level":"info","message":"Server running on port 3000","timestamp":"2024-11-29T12:17:11.041Z"}
{"level":"info","message":"MongoDB connected successfully","timestamp":"2024-11-29T12:17:11.049Z"}
{"level":"info","message":"Redis Client Connected","timestamp":"2024-11-29T12:17:11.057Z"}
{"level":"info","message":"Redis connected successfully","timestamp":"2024-11-29T12:17:11.063Z"}
{"level":"info","message":"Server running on port 3000","timestamp":"2024-11-29T12:17:16.540Z"}
{"level":"info","message":"MongoDB connected successfully","timestamp":"2024-11-29T12:17:16.550Z"}
{"level":"info","message":"Redis Client Connected","timestamp":"2024-11-29T12:17:16.569Z"}
{"level":"info","message":"Redis connected successfully","timestamp":"2024-11-29T12:17:16.579Z"}
{"level":"info","message":"Server running on port 3000","timestamp":"2024-11-29T12:17:19.557Z"}
{"level":"info","message":"MongoDB connected successfully","timestamp":"2024-11-29T12:17:19.566Z"}
{"level":"info","message":"Redis Client Connected","timestamp":"2024-11-29T12:17:19.576Z"}
{"level":"info","message":"Redis connected successfully","timestamp":"2024-11-29T12:17:19.582Z"}
{"level":"info","message":"Server running on port 3000","timestamp":"2024-11-29T12:17:22.102Z"}
{"level":"info","message":"MongoDB connected successfully","timestamp":"2024-11-29T12:17:22.111Z"}
{"level":"info","message":"Redis Client Connected","timestamp":"2024-11-29T12:17:22.125Z"}
{"level":"info","message":"Redis connected successfully","timestamp":"2024-11-29T12:17:22.132Z"}
{"level":"info","message":"Server running on port 3000","timestamp":"2024-11-29T12:17:24.447Z"}
{"level":"info","message":"MongoDB connected successfully","timestamp":"2024-11-29T12:17:24.455Z"}
{"level":"info","message":"Redis Client Connected","timestamp":"2024-11-29T12:17:24.464Z"}
{"level":"info","message":"Redis connected successfully","timestamp":"2024-11-29T12:17:24.470Z"}
{"level":"info","message":"Server running on port 3000","timestamp":"2024-11-29T12:19:47.289Z"}
{"level":"info","message":"MongoDB connected successfully","timestamp":"2024-11-29T12:19:47.297Z"}
{"level":"info","message":"Redis Client Connected","timestamp":"2024-11-29T12:19:47.308Z"}
{"level":"info","message":"Redis connected successfully","timestamp":"2024-11-29T12:19:47.315Z"}
{"level":"info","message":"Server running on port 3000","timestamp":"2024-11-29T12:19:55.628Z"}
{"level":"info","message":"MongoDB connected successfully","timestamp":"2024-11-29T12:19:55.639Z"}
{"level":"info","message":"Redis Client Connected","timestamp":"2024-11-29T12:19:55.660Z"}
{"level":"info","message":"Redis connected successfully","timestamp":"2024-11-29T12:19:55.667Z"}
{"level":"info","message":"Server running on port 3000","timestamp":"2024-11-29T12:23:01.473Z"}
{"level":"info","message":"MongoDB connected successfully","timestamp":"2024-11-29T12:23:01.480Z"}
{"level":"info","message":"Redis Client Connected","timestamp":"2024-11-29T12:23:01.490Z"}
{"level":"info","message":"Redis connected successfully","timestamp":"2024-11-29T12:23:01.495Z"}
{"level":"info","message":"Server running on port 3000","timestamp":"2024-11-29T12:25:22.374Z"}
{"level":"info","message":"MongoDB connected successfully","timestamp":"2024-11-29T12:25:22.382Z"}
{"level":"info","message":"Redis Client Connected","timestamp":"2024-11-29T12:25:22.392Z"}
{"level":"info","message":"Redis connected successfully","timestamp":"2024-11-29T12:25:22.397Z"}
{"level":"info","message":"Server running on port 3000","timestamp":"2024-11-29T12:25:26.085Z"}
{"level":"info","message":"MongoDB connected successfully","timestamp":"2024-11-29T12:25:26.093Z"}
{"level":"info","message":"Redis Client Connected","timestamp":"2024-11-29T12:25:26.106Z"}
{"level":"info","message":"Redis connected successfully","timestamp":"2024-11-29T12:25:26.112Z"}
